[0mOPTIONS /api/auth/rootLogin [32m204 [0m10.752 ms - 0[0m
[0mPOST /api/auth/rootLogin [31m500 [0m25.622 ms - 34[0m
[0mOPTIONS /api/auth/register [32m204 [0m0.858 ms - 0[0m
[0mPOST /api/auth/register [33m400 [0m5.866 ms - 318[0m
[0mPOST /api/auth/register [33m400 [0m1.477 ms - 318[0m
[0mOPTIONS /api/auth/register [32m204 [0m1.126 ms - 0[0m
[0mPOST /api/auth/register [33m400 [0m3.020 ms - 318[0m
[0mOPTIONS /api/auth/register [32m204 [0m5.577 ms - 0[0m
[0mPOST /api/auth/register [32m200 [0m340.764 ms - 113[0m
[0mOPTIONS /api/auth/rootLogin [32m204 [0m2.464 ms - 0[0m
[0mPOST /api/auth/rootLogin [32m200 [0m361.884 ms - 211[0m
[0mOPTIONS /api/order/list [32m204 [0m0.952 ms - 0[0m
[0mOPTIONS /api/order/count [32m204 [0m1.301 ms - 0[0m
[0mGET /api/order/list [32m200 [0m28.131 ms - 27[0m
[0mGET /api/order/count [32m200 [0m23.543 ms - 26[0m
[0mOPTIONS /api/product/getAllproductList [32m204 [0m1.847 ms - 0[0m
[0mGET /api/product/getAllproductList [32m200 [0m14.108 ms - 29[0m
[0mOPTIONS /api/category/main-list [32m204 [0m1.006 ms - 0[0m
[0mGET /api/category/main-list [32m200 [0m14.732 ms - 26[0m
[0mOPTIONS /api/category/list [32m204 [0m0.671 ms - 0[0m
[0mGET /api/category/list [32m200 [0m12.020 ms - 26[0m
[0mOPTIONS /api/category/main-list [32m204 [0m0.773 ms - 0[0m
[0mGET /api/category/main-list [36m304 [0m9.343 ms - -[0m
[0mOPTIONS /api/category/create [32m204 [0m1.839 ms - 0[0m
[0mPOST /api/category/create [32m200 [0m24.510 ms - 55[0m
[0mOPTIONS /api/category/main-list [32m204 [0m0.758 ms - 0[0m
[0mGET /api/category/main-list [32m200 [0m8.302 ms - 162[0m
[0mOPTIONS /api/category/main-list [32m204 [0m1.335 ms - 0[0m
[0mOPTIONS /api/category/sub-list [32m204 [0m1.279 ms - 0[0m
[0mGET /api/category/main-list [36m304 [0m22.933 ms - -[0m
[0mGET /api/category/sub-list [32m200 [0m21.622 ms - 26[0m
[0mOPTIONS /api/category/create-sub [32m204 [0m1.261 ms - 0[0m
[0mPOST /api/category/create-sub [32m200 [0m19.009 ms - 55[0m
[0mOPTIONS /api/category/sub-list [32m204 [0m0.995 ms - 0[0m
[0mGET /api/category/sub-list [32m200 [0m10.064 ms - 193[0m
[0mOPTIONS /api/category/create-sub [32m204 [0m1.013 ms - 0[0m
[0mPOST /api/category/create-sub [32m200 [0m17.935 ms - 55[0m
[0mOPTIONS /api/category/sub-list [32m204 [0m0.748 ms - 0[0m
[0mGET /api/category/sub-list [32m200 [0m10.641 ms - 379[0m
[0mOPTIONS /api/category/create-sub [32m204 [0m1.726 ms - 0[0m
[0mPOST /api/category/create-sub [32m200 [0m19.905 ms - 55[0m
[0mOPTIONS /api/category/sub-list [32m204 [0m0.763 ms - 0[0m
[0mGET /api/category/sub-list [32m200 [0m8.040 ms - 545[0m
[0mOPTIONS /api/category/sub-list/delete?id=2 [32m204 [0m1.065 ms - 0[0m
[0mDELETE /api/category/sub-list/delete?id=2 [32m200 [0m14.902 ms - 62[0m
[0mGET /api/category/sub-list [32m200 [0m9.631 ms - 359[0m
[0mOPTIONS /api/category/main-list [32m204 [0m0.996 ms - 0[0m
[0mOPTIONS /api/category/list [32m204 [0m1.860 ms - 0[0m
[0mGET /api/category/main-list [36m304 [0m19.953 ms - -[0m
[0mGET /api/category/list [36m304 [0m20.079 ms - -[0m
[0mOPTIONS /api/category/getAllSubCategory?categoryId=1 [32m204 [0m1.577 ms - 0[0m
[0mGET /api/category/getAllSubCategory?categoryId=1 [32m200 [0m7.630 ms - 359[0m
[0mOPTIONS /api/category/create-sub-child [32m204 [0m1.270 ms - 0[0m
[0mPOST /api/category/create-sub-child [32m200 [0m22.482 ms - 55[0m
[0mOPTIONS /api/category/list [32m204 [0m0.739 ms - 0[0m
[0mGET /api/category/list [32m200 [0m11.740 ms - 248[0m
[0mOPTIONS /api/category/create-sub-child [32m204 [0m0.958 ms - 0[0m
[0mPOST /api/category/create-sub-child [32m200 [0m18.468 ms - 55[0m
[0mOPTIONS /api/category/list [32m204 [0m0.816 ms - 0[0m
[0mGET /api/category/list [32m200 [0m9.909 ms - 473[0m
[0mOPTIONS /api/category/create-sub-child [32m204 [0m1.791 ms - 0[0m
[0mPOST /api/category/create-sub-child [32m200 [0m15.735 ms - 55[0m
[0mOPTIONS /api/category/list [32m204 [0m0.718 ms - 0[0m
[0mGET /api/category/list [32m200 [0m10.017 ms - 702[0m
[0mOPTIONS /api/product/getAllproductList [32m204 [0m0.982 ms - 0[0m
[0mGET /api/product/getAllproductList [36m304 [0m6.576 ms - -[0m
[0mOPTIONS /api/category/main-list [32m204 [0m0.723 ms - 0[0m
[0mGET /api/category/main-list [36m304 [0m9.433 ms - -[0m
[0mOPTIONS /api/category/getAllSubCategory?categoryId=1 [32m204 [0m1.131 ms - 0[0m
[0mGET /api/category/getAllSubCategory?categoryId=1 [36m304 [0m9.237 ms - -[0m
[0mOPTIONS /api/category/getAllSubChildCategory?subcategoryId=1 [32m204 [0m0.957 ms - 0[0m
[0mGET /api/category/getAllSubChildCategory?subcategoryId=1 [32m200 [0m6.744 ms - 295[0m
[0mOPTIONS /api/product/add [32m204 [0m0.928 ms - 0[0m
[0mPOST /api/product/add [31m500 [0m7231.643 ms - 2887[0m
[0mOPTIONS /api/category/main-list [32m204 [0m2.932 ms - 0[0m
[0mGET /api/category/main-list [36m304 [0m11.487 ms - -[0m
[0mOPTIONS /api/category/getAllSubCategory?categoryId=1 [32m204 [0m1.255 ms - 0[0m
[0mGET /api/category/getAllSubCategory?categoryId=1 [36m304 [0m11.685 ms - -[0m
[0mOPTIONS /api/category/getAllSubChildCategory?subcategoryId=1 [32m204 [0m0.764 ms - 0[0m
[0mGET /api/category/getAllSubChildCategory?subcategoryId=1 [36m304 [0m8.510 ms - -[0m
[0mOPTIONS /api/product/add [32m204 [0m1.973 ms - 0[0m
[0mPOST /api/product/add [31m500 [0m70.836 ms - 3622[0m
[0mOPTIONS /api/category/main-list [32m204 [0m1.029 ms - 0[0m
[0mGET /api/category/main-list [32m200 [0m9.903 ms - 162[0m
[0mOPTIONS /api/category/getAllSubCategory?categoryId=1 [32m204 [0m6.325 ms - 0[0m
[0mGET /api/category/getAllSubCategory?categoryId=1 [36m304 [0m22.430 ms - -[0m
[0mOPTIONS /api/category/getAllSubChildCategory?subcategoryId=1 [32m204 [0m1.264 ms - 0[0m
[0mGET /api/category/getAllSubChildCategory?subcategoryId=1 [36m304 [0m10.569 ms - -[0m
[0mOPTIONS /api/product/add [32m204 [0m1.569 ms - 0[0m
[0mPOST /api/product/add [31m500 [0m106.814 ms - 3622[0m
[0mOPTIONS /api/category/main-list [32m204 [0m1.499 ms - 0[0m
[0mGET /api/category/main-list [32m200 [0m19.336 ms - 162[0m
[0mOPTIONS /api/category/getAllSubCategory?categoryId=1 [32m204 [0m1.263 ms - 0[0m
[0mGET /api/category/getAllSubCategory?categoryId=1 [36m304 [0m10.898 ms - -[0m
[0mOPTIONS /api/category/getAllSubChildCategory?subcategoryId=1 [32m204 [0m2.091 ms - 0[0m
[0mGET /api/category/getAllSubChildCategory?subcategoryId=1 [36m304 [0m7.778 ms - -[0m
[0mOPTIONS /api/product/add [32m204 [0m8.238 ms - 0[0m
[0mPOST /api/product/add [32m200 [0m63.529 ms - 54[0m
[0mOPTIONS /api/product/getAllproductList [32m204 [0m1.094 ms - 0[0m
[0mGET /api/product/getAllproductList [32m200 [0m24.740 ms - 1051[0m
[0mOPTIONS /api/product/getAllproductList [32m204 [0m3.031 ms - 0[0m
[0mGET /api/product/getAllproductList [32m200 [0m17.513 ms - 1104[0m
[0mGET /api/product/getAllGroceryStaple [32m200 [0m19.512 ms - 28[0m
[0mGET /api/product/getAllGroceryStaple [36m304 [0m9.650 ms - -[0m
[0mGET /api/product/getAllGroceryStaple [36m304 [0m8.893 ms - -[0m
[0mGET /api/product/getAllGroceryStaple [36m304 [0m5.103 ms - -[0m
[0mGET /api/product/getAllGroceryStaple [32m200 [0m4.700 ms - 28[0m
[0mGET /api/product/getAllGroceryStaple [32m200 [0m58.394 ms - 1075[0m
[0mGET /api/product/getAllGroceryStaple [36m304 [0m17.366 ms - -[0m
[0mOPTIONS /api/customer/register [32m204 [0m1.122 ms - 0[0m
[0mPOST /api/customer/register [32m200 [0m304.722 ms - 113[0m
[0mOPTIONS /api/customer/login [32m204 [0m0.699 ms - 0[0m
[0mPOST /api/customer/login [32m200 [0m289.377 ms - 199[0m
[0mGET /api/customer/getUserByEmailId?email=pandit.bechu@gmail.com [32m200 [0m14.816 ms - 322[0m
[0mGET /api/location/list [32m200 [0m12.801 ms - 26[0m
[0mGET /api/customer/getUserByEmailId?email=pandit.bechu@gmail.com [36m304 [0m7.112 ms - -[0m
[0mOPTIONS /api/payment/orders [32m204 [0m0.993 ms - 0[0m
[0mPOST /api/payment/orders [32m200 [0m6093.686 ms - 245[0m
[0mGET /api/location/list [36m304 [0m11.168 ms - -[0m
[0mGET /api/customer/getUserByEmailId?email=pandit.bechu@gmail.com [36m304 [0m13.463 ms - -[0m
[0mGET /api/customer/getUserByEmailId?email=pandit.bechu@gmail.com [36m304 [0m6.856 ms - -[0m
[0mOPTIONS /api/payment/orders [32m204 [0m1.629 ms - 0[0m
[0mPOST /api/payment/orders [32m200 [0m918.857 ms - 245[0m
[0mGET /api/location/list [36m304 [0m10.137 ms - -[0m
[0mGET /api/customer/getUserByEmailId?email=pandit.bechu@gmail.com [36m304 [0m10.649 ms - -[0m
[0mGET /api/customer/getUserByEmailId?email=pandit.bechu@gmail.com [36m304 [0m4.939 ms - -[0m
[0mOPTIONS /api/order/create [32m204 [0m2.165 ms - 0[0m
[0mPOST /api/order/create [32m200 [0m22.865 ms - 16[0m
[0mGET /api/customer/getUserByEmailId?email=pandit.bechu@gmail.com [32m200 [0m5.969 ms - 703[0m
[0mGET /api/customer/getUserByEmailId?email=pandit.bechu@gmail.com [36m304 [0m7.644 ms - -[0m
[0mGET /api/customer/getUserByEmailId?email=pandit.bechu@gmail.com [36m304 [0m9.468 ms - -[0m
[0mGET /api/order/list [32m200 [0m19.625 ms - 878[0m
[0mGET /api/customer/getUserByEmailId?email=pandit.bechu@gmail.com [36m304 [0m7.302 ms - -[0m
[0mGET /api/customer/getUserByEmailId?email=pandit.bechu@gmail.com [36m304 [0m9.437 ms - -[0m
[0mGET /api/order/list [36m304 [0m10.568 ms - -[0m
[0mOPTIONS /api/auth/rootLogin [32m204 [0m1.045 ms - 0[0m
[0mPOST /api/auth/rootLogin [32m200 [0m319.175 ms - 211[0m
[0mOPTIONS /api/order/list [32m204 [0m1.492 ms - 0[0m
[0mOPTIONS /api/order/count [32m204 [0m1.205 ms - 0[0m
[0mGET /api/order/list [36m304 [0m12.039 ms - -[0m
[0mGET /api/order/count [32m200 [0m12.377 ms - 59[0m
[0mOPTIONS /api/order/list [32m204 [0m1.184 ms - 0[0m
[0mOPTIONS /api/order/count [32m204 [0m0.962 ms - 0[0m
[0mGET /api/order/list [36m304 [0m7.530 ms - -[0m
[0mGET /api/order/count [36m304 [0m5.873 ms - -[0m
[0mGET /api/category/main-list [36m302 [0m19.254 ms - 29[0m
[0mGET /api/product/banner-list [33m404 [0m35.934 ms - 3530[0m
[0mGET /api/product/getAllPersonalCare [33m404 [0m41.219 ms - 3530[0m
[0mGET /logout [33m404 [0m9.817 ms - 3486[0m
[0mGET /api/product/getAllGroceryStaple [36m304 [0m79.793 ms - -[0m
[0mOPTIONS /api/customer/rootLogin [32m204 [0m1.000 ms - 0[0m
[0mPOST /api/customer/rootLogin [33m404 [0m6.111 ms - 28[0m
[0mOPTIONS /api/customer/register [32m204 [0m1.629 ms - 0[0m
[0mPOST /api/customer/register [33m409 [0m337.613 ms - 38[0m
[0mOPTIONS /api/order/list [32m204 [0m4.723 ms - 0[0m
[0mOPTIONS /api/order/count [32m204 [0m5.405 ms - 0[0m
[0mGET /api/order/list [36m304 [0m23.486 ms - -[0m
[0mGET /api/order/count [36m304 [0m14.148 ms - -[0m
[0mOPTIONS /api/category/list [32m204 [0m0.545 ms - 0[0m
[0mGET /api/category/list [36m302 [0m7.945 ms - 29[0m
[0mOPTIONS /logout [32m204 [0m0.602 ms - 0[0m
[0mGET /logout [33m404 [0m19.252 ms - 3486[0m
[0mOPTIONS /api/category/main-list [32m204 [0m0.618 ms - 0[0m
[0mGET /api/category/main-list [36m302 [0m4.298 ms - 29[0m
[0mOPTIONS /logout [32m204 [0m0.580 ms - 0[0m
[0mGET /logout [33m404 [0m3.053 ms - 3486[0m
[0mOPTIONS /api/category/main-list [32m204 [0m0.500 ms - 0[0m
[0mGET /api/category/main-list [36m302 [0m3.188 ms - 29[0m
[0mOPTIONS /logout [32m204 [0m0.723 ms - 0[0m
[0mGET /logout [33m404 [0m6.354 ms - 3486[0m
[0mOPTIONS /api/category/main-list [32m204 [0m0.741 ms - 0[0m
[0mGET /api/category/main-list [36m302 [0m2.705 ms - 29[0m
[0mOPTIONS /logout [32m204 [0m5.184 ms - 0[0m
[0mGET /logout [33m404 [0m4.307 ms - 3486[0m
[0mOPTIONS /api/category/main-list [32m204 [0m0.518 ms - 0[0m
[0mGET /api/category/main-list [36m302 [0m2.293 ms - 29[0m
[0mOPTIONS /logout [32m204 [0m0.695 ms - 0[0m
[0mGET /logout [33m404 [0m4.222 ms - 3486[0m
[0mOPTIONS /api/category/main-list [32m204 [0m0.883 ms - 0[0m
[0mOPTIONS /api/category/sub-list [32m204 [0m0.773 ms - 0[0m
[0mGET /api/category/main-list [36m302 [0m4.397 ms - 29[0m
[0mGET /api/category/sub-list [36m302 [0m5.231 ms - 29[0m
[0mOPTIONS /logout [32m204 [0m0.768 ms - 0[0m
[0mOPTIONS /logout [32m204 [0m3.907 ms - 0[0m
[0mGET /logout [33m404 [0m3.642 ms - 3486[0m
[0mGET /logout [33m404 [0m5.966 ms - 3486[0m
[0mOPTIONS /api/category/list [32m204 [0m3.033 ms - 0[0m
[0mGET /api/category/main-list [36m302 [0m15.205 ms - 29[0m
[0mGET /api/category/list [36m302 [0m7.920 ms - 29[0m
[0mGET /logout [33m404 [0m1.569 ms - 3486[0m
[0mGET /logout [33m404 [0m3.827 ms - 3486[0m
[0mOPTIONS /api/product/getAllproductList [32m204 [0m1.456 ms - 0[0m
[0mGET /api/product/getAllproductList [36m304 [0m15.984 ms - -[0m
[0mOPTIONS /api/category/main-list [32m204 [0m0.900 ms - 0[0m
[0mGET /api/category/main-list [36m302 [0m4.704 ms - 29[0m
[0mOPTIONS /logout [32m204 [0m1.036 ms - 0[0m
[0mGET /logout [33m404 [0m4.152 ms - 3486[0m
[0mOPTIONS /api/category/main-list [32m204 [0m0.525 ms - 0[0m
[0mGET /api/category/main-list [36m302 [0m3.674 ms - 29[0m
[0mOPTIONS /logout [32m204 [0m0.586 ms - 0[0m
[0mGET /logout [33m404 [0m2.855 ms - 3486[0m
[0mOPTIONS /api/category/create [32m204 [0m1.392 ms - 0[0m
[0mPOST /api/category/create [31m500 [0m10.665 ms - 36[0m
[0mOPTIONS /api/category/main-list [32m204 [0m0.463 ms - 0[0m
[0mGET /api/category/main-list [36m302 [0m2.198 ms - 29[0m
[0mOPTIONS /logout [32m204 [0m1.401 ms - 0[0m
[0mGET /logout [33m404 [0m6.004 ms - 3486[0m
[0mOPTIONS /api/product/getAllproductList [32m204 [0m3.700 ms - 0[0m
[0mGET /api/product/getAllproductList [36m304 [0m22.543 ms - -[0m
[0mOPTIONS /api/payment/getAllPayment [32m204 [0m1.003 ms - 0[0m
[0mGET /api/payment/getAllPayment [36m302 [0m9.021 ms - 29[0m
[0mOPTIONS /logout [32m204 [0m1.789 ms - 0[0m
[0mGET /logout [33m404 [0m19.787 ms - 3486[0m
[0mOPTIONS /api/customer/list [32m204 [0m0.486 ms - 0[0m
[0mGET /api/customer/list [32m200 [0m5.335 ms - 309[0m
[0mOPTIONS /api/supplier/list [32m204 [0m0.730 ms - 0[0m
[0mGET /api/supplier/list [33m404 [0m4.031 ms - 3481[0m
[0mOPTIONS /api/location/list [32m204 [0m1.829 ms - 0[0m
[0mGET /api/location/list [32m200 [0m12.470 ms - 26[0m
[0mOPTIONS /api/location/list [32m204 [0m0.935 ms - 0[0m
[0mGET /api/location/list [36m304 [0m7.507 ms - -[0m
[0mOPTIONS /api/product/getAllproductList [32m204 [0m1.200 ms - 0[0m
[0mGET /api/product/getAllproductList [36m304 [0m9.299 ms - -[0m
[0mOPTIONS /api/supplier/list [32m204 [0m0.740 ms - 0[0m
[0mGET /api/supplier/list [33m404 [0m5.736 ms - 3481[0m
[0mGET /api/product/getAllGroceryStaple [32m200 [0m18.739 ms - 1075[0m
[0mOPTIONS /api/customer/login [32m204 [0m0.616 ms - 0[0m
[0mPOST /api/customer/login [32m200 [0m238.361 ms - 199[0m
[0mGET /api/location/list [36m304 [0m8.770 ms - -[0m
[0mGET /api/customer/getUserByEmailId?email=pandit.bechu@gmail.com [36m304 [0m10.212 ms - -[0m
[0mGET /api/customer/getUserByEmailId?email=pandit.bechu@gmail.com [36m304 [0m4.181 ms - -[0m
[0mOPTIONS /api/payment/orders [32m204 [0m1.558 ms - 0[0m
[0mPOST /api/payment/orders [32m200 [0m6867.630 ms - 245[0m
[0mGET /api/location/list [36m304 [0m4.838 ms - -[0m
[0mGET /api/customer/getUserByEmailId?email=pandit.bechu@gmail.com [36m304 [0m7.287 ms - -[0m
[0mGET /api/customer/getUserByEmailId?email=pandit.bechu@gmail.com [36m304 [0m6.947 ms - -[0m
[0mOPTIONS /api/order/create [32m204 [0m0.912 ms - 0[0m
[0mPOST /api/order/create [32m200 [0m29.478 ms - 16[0m
[0mGET /api/customer/getUserByEmailId?email=pandit.bechu@gmail.com [32m200 [0m3.576 ms - 1085[0m
[0mOPTIONS /api/order/list [32m204 [0m0.540 ms - 0[0m
[0mOPTIONS /api/order/count [32m204 [0m1.826 ms - 0[0m
[0mGET /api/order/list [32m200 [0m11.263 ms - 1730[0m
[0mGET /api/order/count [32m200 [0m10.300 ms - 59[0m
[0mGET /api/product/getAllGroceryStaple [36m304 [0m12.885 ms - -[0m
[0mGET /api/customer/getUserByEmailId?email=pandit.bechu@gmail.com [36m304 [0m15.478 ms - -[0m
[0mGET /api/customer/getUserByEmailId?email=pandit.bechu@gmail.com [36m304 [0m5.138 ms - -[0m
[0mGET /api/customer/getUserByEmailId?email=pandit.bechu@gmail.com [36m304 [0m5.563 ms - -[0m
[0mGET /api/order/list [36m304 [0m12.414 ms - -[0m
[0mGET /api/customer/getUserByEmailId?email=pandit.bechu@gmail.com [36m304 [0m3.448 ms - -[0m
[0mGET /api/customer/getUserByEmailId?email=pandit.bechu@gmail.com [36m304 [0m4.566 ms - -[0m
[0mOPTIONS /api/customer/update [32m204 [0m1.072 ms - 0[0m
[0mPOST /api/customer/update [32m200 [0m9.905 ms - 58[0m
[0mGET /api/customer/getUserByEmailId?email=pandit.bechu@gmail.com [32m200 [0m3.696 ms - 1096[0m
[0mGET /api/customer/getUserByEmailId?email=pandit.bechu@gmail.com [36m304 [0m5.492 ms - -[0m
[0mGET /api/customer/getUserByEmailId?email=pandit.bechu@gmail.com [36m304 [0m3.458 ms - -[0m
[0mGET /api/customer/getUserByEmailId?email=pandit.bechu@gmail.com [36m304 [0m5.573 ms - -[0m
[0mGET /api/order/list [36m304 [0m6.663 ms - -[0m
[0mGET /api/product/getAllGroceryStaple [36m304 [0m9.852 ms - -[0m
[0mGET /api/customer/getUserByEmailId?email=pandit.bechu@gmail.com [36m304 [0m14.533 ms - -[0m
